[+] Containers:
 |- [+] Container: /Game/merge
 |- ContainerInstances:
 |- [+] MainContainer:
 |   |-        ID: 00000000000000000000000000000000
 |   |-  ParentID: 00000000000000000000000000000000
 |   |-    Bounds: IsValid=false, Min=(X=0.000 Y=0.000 Z=0.000), Max=(X=0.000 Y=0.000 Z=0.000)
 |   |- Transform: 0.000000,0.000000,0.000000|0.000000,0.000000,-0.000000|1.000000,1.000000,1.000000
 |   |- Container: /Game/merge
----------------------------------------------------------------------------------------------------------------
merge - Persistent Level
----------------------------------------------------------------------------------------------------------------
[+] Content of merge Persistent Level
 |- Always loaded Actor Count: 5 
 |- Actor Path: /Game/merge.merge:PersistentLevel.Brush_0
 |- Actor Package: /Game/merge
 |- Actor Path: /Game/merge.merge:PersistentLevel.DefaultPhysicsVolume_0
 |- Actor Package: /Game/merge
 |- Actor Path: /Game/merge.merge:PersistentLevel.merge_C_1
 |- Actor Package: /Game/merge
 |- Actor Path: /Game/merge.merge:PersistentLevel.WorldDataLayers
 |- Actor Package: /Game/__ExternalActors__/merge/B/02/1V0N65TERZ11WN9EILSSUV
 |- Actor Path: /Game/merge.merge:PersistentLevel.WorldInfo_0
 |- Actor Package: /Game/merge

----------------------------------------------------------------------------------------------------------------
merge - Runtime Spatial Hash - Streaming Grid - MainGrid
----------------------------------------------------------------------------------------------------------------
            Origin: X=0.000 Y=0.000 Z=0.000
         Cell Size: 12800
      World Bounds: IsValid=false, Min=(X=0.000 Y=0.000 Z=0.000), Max=(X=0.000 Y=0.000 Z=0.000)
     Loading Range: 25600.00
Block Slow Loading: No
 ClientOnlyVisible: No
            Origin: X=0.000 Y=0.000 Z=0.000

[+] Grid Levels: 1
 |- Level  0: Cell Count    0 | Cell Size   12800 | Actor Count    0 (0.0%)

[+] Content of Grid Level 0

